got anything
got past imports
got to factory
Applet init
actions added
menu is setup
init
we have settings
got to prefs
got to show_workspace_name
got clicked
3
got to show_workspace_name
got to show_workspace_name
got to show_workspace_name
got clicked
1
got to show_workspace_name
got to show_workspace_name
got to show_workspace_name
got to show_workspace_name
got to show_workspace_name
got to show_workspace_name
got clicked
3
got clicked
2
got clicked
2
got clicked
2
got to show_workspace_name
got to show_workspace_name
got clicked
1
got to show_workspace_name
got to show_workspace_name
got to show_workspace_name
got to show_workspace_name
got to show_workspace_name
got to show_workspace_name
got to show_workspace_name
got to show_workspace_name
got clicked
1
got to show_workspace_name
got to show_workspace_name
got to show_workspace_name
got clicked
1
got to show_workspace_name
got clicked
1
got to show_workspace_name
got to show_workspace_name
got to show_workspace_name
got to show_workspace_name
got to show_workspace_name
got to show_workspace_name
